<?xml version="1.0" encoding="UTF-8"?>
<!-- Generated by org.testng.reporters.JUnitReportReporter -->
<testsuite hostname="Gagan" failures="0" tests="2" name="com.qa.orangehrm.TestCases.AddEmpTestCase" time="71.678" errors="0" timestamp="2024-07-14T20:18:38 IST" skipped="0">
  <testcase classname="com.qa.orangehrm.TestCases.AddEmpTestCase" name="emp_add" time="49.027"/>
  <system-out/>
  <testcase classname="com.qa.orangehrm.TestCases.AddEmpTestCase" name="verifyIn_Emp_list" time="22.651"/>
  <system-out/>
</testsuite> <!-- com.qa.orangehrm.TestCases.AddEmpTestCase -->
